0 info it worked if it ends with ok
1 verbose cli [ '/usr/local/bin/iojs',
1 verbose cli   '/Users/lagden/.npm-global/bin/npm',
1 verbose cli   'start' ]
2 info using npm@4.1.2
3 info using node@v6.9.4
4 verbose run-script [ 'prestart', 'start', 'poststart' ]
5 info lifecycle stock-quotes-slack@1.2.1~prestart: stock-quotes-slack@1.2.1
6 silly lifecycle stock-quotes-slack@1.2.1~prestart: no script for prestart, continuing
7 info lifecycle stock-quotes-slack@1.2.1~start: stock-quotes-slack@1.2.1
8 verbose lifecycle stock-quotes-slack@1.2.1~start: unsafe-perm in lifecycle true
9 verbose lifecycle stock-quotes-slack@1.2.1~start: PATH: /Users/lagden/.npm-global/lib/node_modules/npm/bin/node-gyp-bin:/Users/lagden/webapps/htdocs/lab/js/app/stock-quotes-slack/node_modules/.bin:/Users/lagden/.npm-global/bin:/Users/lagden/bin:/usr/local/bin:/usr/local/php5/bin:/usr/local/sbin:/usr/local/bin:/usr/bin:/bin:/usr/sbin:/sbin:/opt/X11/bin:/usr/local/git/bin
10 verbose lifecycle stock-quotes-slack@1.2.1~start: CWD: /Users/lagden/webapps/htdocs/lab/js/app/stock-quotes-slack
11 silly lifecycle stock-quotes-slack@1.2.1~start: Args: [ '-c', 'micro' ]
12 silly lifecycle stock-quotes-slack@1.2.1~start: Returned: code: 1  signal: null
13 info lifecycle stock-quotes-slack@1.2.1~start: Failed to exec start script
14 verbose stack Error: stock-quotes-slack@1.2.1 start: `micro`
14 verbose stack Exit status 1
14 verbose stack     at EventEmitter.<anonymous> (/Users/lagden/.npm-global/lib/node_modules/npm/lib/utils/lifecycle.js:279:16)
14 verbose stack     at emitTwo (events.js:106:13)
14 verbose stack     at EventEmitter.emit (events.js:191:7)
14 verbose stack     at ChildProcess.<anonymous> (/Users/lagden/.npm-global/lib/node_modules/npm/lib/utils/spawn.js:40:14)
14 verbose stack     at emitTwo (events.js:106:13)
14 verbose stack     at ChildProcess.emit (events.js:191:7)
14 verbose stack     at maybeClose (internal/child_process.js:877:16)
14 verbose stack     at Process.ChildProcess._handle.onexit (internal/child_process.js:226:5)
15 verbose pkgid stock-quotes-slack@1.2.1
16 verbose cwd /Users/lagden/webapps/htdocs/lab/js/app/stock-quotes-slack
17 error Darwin 15.6.0
18 error argv "/usr/local/bin/iojs" "/Users/lagden/.npm-global/bin/npm" "start"
19 error node v6.9.4
20 error npm  v4.1.2
21 error code ELIFECYCLE
22 error stock-quotes-slack@1.2.1 start: `micro`
22 error Exit status 1
23 error Failed at the stock-quotes-slack@1.2.1 start script 'micro'.
23 error Make sure you have the latest version of node.js and npm installed.
23 error If you do, this is most likely a problem with the stock-quotes-slack package,
23 error not with npm itself.
23 error Tell the author that this fails on your system:
23 error     micro
23 error You can get information on how to open an issue for this project with:
23 error     npm bugs stock-quotes-slack
23 error Or if that isn't available, you can get their info via:
23 error     npm owner ls stock-quotes-slack
23 error There is likely additional logging output above.
24 verbose exit [ 1, true ]
